Debugger listening on ws://0.0.0.0:8888/067309e2-5eb0-49a7-9f9e-d29d7e8e7c3e
For help see https://nodejs.org/en/docs/inspector
Debugger attached.
Debugger listening on ws://0.0.0.0:8888/c9b311b4-d767-42b3-80ab-bce0ef5dd8de
For help see https://nodejs.org/en/docs/inspector
Debugger attached.
Debugger listening on ws://0.0.0.0:8888/1e969594-e03d-41a8-8f83-27c46e5a3be9
For help see https://nodejs.org/en/docs/inspector
Debugger listening on ws://0.0.0.0:8888/ab87688d-e1f8-499f-a8c3-74c717ef9627
For help see https://nodejs.org/en/docs/inspector
Debugger listening on ws://0.0.0.0:8888/5ef29e3c-259a-47ba-8a6b-2c4228c4aa98
For help see https://nodejs.org/en/docs/inspector
Debugger listening on ws://0.0.0.0:8888/9a365ff3-3a46-4bcf-920d-41a33f657091
For help see https://nodejs.org/en/docs/inspector
Debugger listening on ws://0.0.0.0:8888/9dbda6ee-ee77-4848-83b8-42686824129d
For help see https://nodejs.org/en/docs/inspector
Debugger listening on ws://0.0.0.0:8888/7497939a-070f-4090-8d12-40b8065d5301
For help see https://nodejs.org/en/docs/inspector
Debugger listening on ws://0.0.0.0:8888/d6869458-d839-4d58-82eb-36ba3bbfba32
For help see https://nodejs.org/en/docs/inspector
Debugger listening on ws://0.0.0.0:8888/41d96b96-f1af-4094-9211-3c9ba1901be6
For help see https://nodejs.org/en/docs/inspector
{ Error: Cannot find module '/Users/diestrin/Documents/Research/fabcar/packages/server/dist/app.js'
    at Function.Module._resolveFilename (module.js:547:15)
    at Function.Module._load (module.js:474:25)
    at Object.<anonymous> (/Users/diestrin/Documents/Research/fabcar/node_modules/pm2/lib/ProcessContainerFork.js:27:21)
    at Module._compile (module.js:652:30)
    at Object.Module._extensions..js (module.js:663:10)
    at Module.load (module.js:565:32)
    at tryModuleLoad (module.js:505:12)
    at Function.Module._load (module.js:497:3)
    at Function.Module.runMain (module.js:693:10)
    at startup (bootstrap_node.js:188:16) code: 'MODULE_NOT_FOUND' }
Debugger listening on ws://0.0.0.0:8888/f80db5b4-1afd-454d-a9f5-e34862e4149c
For help see https://nodejs.org/en/docs/inspector
{ Error: Cannot find module '/Users/diestrin/Documents/Research/fabcar/packages/server/dist/app.js'
    at Function.Module._resolveFilename (module.js:547:15)
    at Function.Module._load (module.js:474:25)
    at Object.<anonymous> (/Users/diestrin/Documents/Research/fabcar/node_modules/pm2/lib/ProcessContainerFork.js:27:21)
    at Module._compile (module.js:652:30)
    at Object.Module._extensions..js (module.js:663:10)
    at Module.load (module.js:565:32)
    at tryModuleLoad (module.js:505:12)
    at Function.Module._load (module.js:497:3)
    at Function.Module.runMain (module.js:693:10)
    at startup (bootstrap_node.js:188:16) code: 'MODULE_NOT_FOUND' }
Debugger listening on ws://0.0.0.0:8888/bf9f21a5-9c80-4d39-8423-f0845bfb939d
For help see https://nodejs.org/en/docs/inspector
{ Error: Cannot find module '/Users/diestrin/Documents/Research/fabcar/packages/server/dist/app.js'
    at Function.Module._resolveFilename (module.js:547:15)
    at Function.Module._load (module.js:474:25)
    at Object.<anonymous> (/Users/diestrin/Documents/Research/fabcar/node_modules/pm2/lib/ProcessContainerFork.js:27:21)
    at Module._compile (module.js:652:30)
    at Object.Module._extensions..js (module.js:663:10)
    at Module.load (module.js:565:32)
    at tryModuleLoad (module.js:505:12)
    at Function.Module._load (module.js:497:3)
    at Function.Module.runMain (module.js:693:10)
    at startup (bootstrap_node.js:188:16) code: 'MODULE_NOT_FOUND' }
Debugger listening on ws://0.0.0.0:8888/a53c1e96-55af-48fd-acc8-7d34034179bb
For help see https://nodejs.org/en/docs/inspector
{ Error: Cannot find module '/Users/diestrin/Documents/Research/fabcar/packages/server/dist/app.js'
    at Function.Module._resolveFilename (module.js:547:15)
    at Function.Module._load (module.js:474:25)
    at Object.<anonymous> (/Users/diestrin/Documents/Research/fabcar/node_modules/pm2/lib/ProcessContainerFork.js:27:21)
    at Module._compile (module.js:652:30)
    at Object.Module._extensions..js (module.js:663:10)
    at Module.load (module.js:565:32)
    at tryModuleLoad (module.js:505:12)
    at Function.Module._load (module.js:497:3)
    at Function.Module.runMain (module.js:693:10)
    at startup (bootstrap_node.js:188:16) code: 'MODULE_NOT_FOUND' }
Debugger listening on ws://0.0.0.0:8888/cd00bfd2-2086-453d-bcd7-3c740bfab8d7
For help see https://nodejs.org/en/docs/inspector
{ Error: Cannot find module '/Users/diestrin/Documents/Research/fabcar/packages/server/dist/app.js'
    at Function.Module._resolveFilename (module.js:547:15)
    at Function.Module._load (module.js:474:25)
    at Object.<anonymous> (/Users/diestrin/Documents/Research/fabcar/node_modules/pm2/lib/ProcessContainerFork.js:27:21)
    at Module._compile (module.js:652:30)
    at Object.Module._extensions..js (module.js:663:10)
    at Module.load (module.js:565:32)
    at tryModuleLoad (module.js:505:12)
    at Function.Module._load (module.js:497:3)
    at Function.Module.runMain (module.js:693:10)
    at startup (bootstrap_node.js:188:16) code: 'MODULE_NOT_FOUND' }
Debugger listening on ws://0.0.0.0:8888/967748e2-9c67-4388-9f13-475b53dd9906
For help see https://nodejs.org/en/docs/inspector
{ Error: Cannot find module '/Users/diestrin/Documents/Research/fabcar/packages/server/dist/app.js'
    at Function.Module._resolveFilename (module.js:547:15)
    at Function.Module._load (module.js:474:25)
    at Object.<anonymous> (/Users/diestrin/Documents/Research/fabcar/node_modules/pm2/lib/ProcessContainerFork.js:27:21)
    at Module._compile (module.js:652:30)
    at Object.Module._extensions..js (module.js:663:10)
    at Module.load (module.js:565:32)
    at tryModuleLoad (module.js:505:12)
    at Function.Module._load (module.js:497:3)
    at Function.Module.runMain (module.js:693:10)
    at startup (bootstrap_node.js:188:16) code: 'MODULE_NOT_FOUND' }
Debugger listening on ws://0.0.0.0:8888/eac272e4-421c-4863-ab8b-3d381c8a16a5
For help see https://nodejs.org/en/docs/inspector
{ Error: Cannot find module '/Users/diestrin/Documents/Research/fabcar/packages/server/dist/app.js'
    at Function.Module._resolveFilename (module.js:547:15)
    at Function.Module._load (module.js:474:25)
    at Object.<anonymous> (/Users/diestrin/Documents/Research/fabcar/node_modules/pm2/lib/ProcessContainerFork.js:27:21)
    at Module._compile (module.js:652:30)
    at Object.Module._extensions..js (module.js:663:10)
    at Module.load (module.js:565:32)
    at tryModuleLoad (module.js:505:12)
    at Function.Module._load (module.js:497:3)
    at Function.Module.runMain (module.js:693:10)
    at startup (bootstrap_node.js:188:16) code: 'MODULE_NOT_FOUND' }
Debugger listening on ws://0.0.0.0:8888/7f037b7c-029d-4be4-be05-f0ce3119a1de
For help see https://nodejs.org/en/docs/inspector
{ Error: Cannot find module '/Users/diestrin/Documents/Research/fabcar/packages/server/dist/app.js'
    at Function.Module._resolveFilename (module.js:547:15)
    at Function.Module._load (module.js:474:25)
    at Object.<anonymous> (/Users/diestrin/Documents/Research/fabcar/node_modules/pm2/lib/ProcessContainerFork.js:27:21)
    at Module._compile (module.js:652:30)
    at Object.Module._extensions..js (module.js:663:10)
    at Module.load (module.js:565:32)
    at tryModuleLoad (module.js:505:12)
    at Function.Module._load (module.js:497:3)
    at Function.Module.runMain (module.js:693:10)
    at startup (bootstrap_node.js:188:16) code: 'MODULE_NOT_FOUND' }
Debugger listening on ws://0.0.0.0:8888/fa1f3cb7-cf61-4ebe-bdf1-e3d1eec1abb0
For help see https://nodejs.org/en/docs/inspector
Debugger listening on ws://0.0.0.0:8888/eb3f7cf6-b762-48e1-be83-8810c4eed6c0
For help see https://nodejs.org/en/docs/inspector
Debugger listening on ws://0.0.0.0:8888/b3649540-4f50-4b53-ad5c-7b28dd552fe1
For help see https://nodejs.org/en/docs/inspector
2019-06-23T17:53:57.997Z - [31merror[39m: [Remote.js]: Error: Failed to connect before the deadline URL:grpc://localhost:7051
2019-06-23T17:53:57.998Z - [31merror[39m: [Remote.js]: Error: Failed to connect before the deadline URL:grpc://localhost:7151
Debugger listening on ws://0.0.0.0:8888/f41922d7-ce6b-4e6c-a877-a001b29a6e4a
For help see https://nodejs.org/en/docs/inspector
Debugger listening on ws://0.0.0.0:8888/d2e34c19-47a0-4265-ace5-71f6b635ebd5
For help see https://nodejs.org/en/docs/inspector
Debugger listening on ws://0.0.0.0:8888/ca6ca675-57d7-4da6-a3b4-f6dd0a7be197
For help see https://nodejs.org/en/docs/inspector
Debugger listening on ws://0.0.0.0:8888/d905b642-8178-430d-b0b3-f0ebbdc2061d
For help see https://nodejs.org/en/docs/inspector
